<?xml version="1.0" encoding="UTF-8"?>
<testsuite xmlns:xsi="http://www.w3.org/2001/XMLSchema-instance" xsi:noNamespaceSchemaLocation="https://maven.apache.org/surefire/maven-surefire-plugin/xsd/surefire-test-report-3.0.xsd" version="3.0" name="io.github.jonasfschuh.JavaRESTFulApi.JavaRestFulApiApplicationTests" time="4.533" tests="1" errors="0" skipped="0" failures="0">
  <properties>
[...]
</properties>
  <testcase name="contextLoads" classname="io.github.jonasfschuh.JavaRESTFulApi.JavaRestFulApiApplicationTests" time="0.42">
    <system-out><![CDATA[01:53:02.719 [main] INFO org.springframework.test.context.support.AnnotationConfigContextLoaderUtils -- Could not detect default configuration classes for test class [io.github.jonasfschuh.JavaRESTFulApi.JavaRestFulApiApplicationTests]: JavaRestFulApiApplicationTests does not declare any static, non-private, non-final, nested classes annotated with @Configuration.
01:53:02.796 [main] INFO org.springframework.boot.test.context.SpringBootTestContextBootstrapper -- Found @SpringBootConfiguration io.github.jonasfschuh.JavaRESTFulApi.JavaRestFulApiApplication for test class io.github.jonasfschuh.JavaRESTFulApi.JavaRestFulApiApplicationTests

  .   ____          _            __ _ _
 /\\ / ___'_ __ _ _(_)_ __  __ _ \ \ \ \
( ( )\___ | '_ | '_| | '_ \/ _` | \ \ \ \
 \\/  ___)| |_)| | | | | || (_| |  ) ) ) )
  '  |____| .__|_| |_|_| |_\__, | / / / /
 =========|_|==============|___/=/_/_/_/
 :: Spring Boot ::                (v3.2.9)

2024-08-26T01:53:03.089-03:00  INFO 3004 --- [           main] i.g.j.J.JavaRestFulApiApplicationTests   : Starting JavaRestFulApiApplicationTests using Java 17.0.10 with PID 3004 (started by Ryzen7 in D:\DEV\Java\_Projetos\JavaRESTFulApi)
2024-08-26T01:53:03.091-03:00  INFO 3004 --- [           main] i.g.j.J.JavaRestFulApiApplicationTests   : No active profile set, falling back to 1 default profile: "default"
2024-08-26T01:53:03.742-03:00  INFO 3004 --- [           main] .s.d.r.c.RepositoryConfigurationDelegate : Bootstrapping Spring Data JPA repositories in DEFAULT mode.
2024-08-26T01:53:03.791-03:00  INFO 3004 --- [           main] .s.d.r.c.RepositoryConfigurationDelegate : Finished Spring Data repository scanning in 42 ms. Found 1 JPA repository interface.
2024-08-26T01:53:04.219-03:00  INFO 3004 --- [           main] com.zaxxer.hikari.HikariDataSource       : HikariPool-1 - Starting...
2024-08-26T01:53:04.366-03:00  INFO 3004 --- [           main] com.zaxxer.hikari.pool.HikariPool        : HikariPool-1 - Added connection conn0: url=jdbc:h2:mem:b0555089-896a-4b39-aab1-4dfd337eb03d user=SA
2024-08-26T01:53:04.367-03:00  INFO 3004 --- [           main] com.zaxxer.hikari.HikariDataSource       : HikariPool-1 - Start completed.
2024-08-26T01:53:04.404-03:00  INFO 3004 --- [           main] o.hibernate.jpa.internal.util.LogHelper  : HHH000204: Processing PersistenceUnitInfo [name: default]
2024-08-26T01:53:04.446-03:00  INFO 3004 --- [           main] org.hibernate.Version                    : HHH000412: Hibernate ORM core version 6.4.10.Final
2024-08-26T01:53:04.476-03:00  INFO 3004 --- [           main] o.h.c.internal.RegionFactoryInitiator    : HHH000026: Second-level cache disabled
2024-08-26T01:53:04.717-03:00  INFO 3004 --- [           main] o.s.o.j.p.SpringPersistenceUnitInfo      : No LoadTimeWeaver setup: ignoring JPA class transformer
2024-08-26T01:53:05.463-03:00  INFO 3004 --- [           main] o.h.e.t.j.p.i.JtaPlatformInitiator       : HHH000489: No JTA platform available (set 'hibernate.transaction.jta.platform' to enable JTA platform integration)
2024-08-26T01:53:05.507-03:00  INFO 3004 --- [           main] j.LocalContainerEntityManagerFactoryBean : Initialized JPA EntityManagerFactory for persistence unit 'default'
2024-08-26T01:53:06.030-03:00  WARN 3004 --- [           main] JpaBaseConfiguration$JpaWebConfiguration : spring.jpa.open-in-view is enabled by default. Therefore, database queries may be performed during view rendering. Explicitly configure spring.jpa.open-in-view to disable this warning
2024-08-26T01:53:06.688-03:00  INFO 3004 --- [           main] i.g.j.J.JavaRestFulApiApplicationTests   : Started JavaRestFulApiApplicationTests in 3.777 seconds (process running for 4.493)
]]></system-out>
  </testcase>
</testsuite>